[2024-10-05T05:20:30.396+0000] {local_task_job_runner.py:120} INFO - ::group::Pre task execution logs
[2024-10-05T05:20:30.413+0000] {taskinstance.py:2076} INFO - Dependencies all met for dep_context=non-requeueable deps ti=<TaskInstance: hello_world_dag_ZZZ.say_hello scheduled__2024-10-04T00:00:00+00:00 [queued]>
[2024-10-05T05:20:30.418+0000] {taskinstance.py:2076} INFO - Dependencies all met for dep_context=requeueable deps ti=<TaskInstance: hello_world_dag_ZZZ.say_hello scheduled__2024-10-04T00:00:00+00:00 [queued]>
[2024-10-05T05:20:30.418+0000] {taskinstance.py:2306} INFO - Starting attempt 1 of 1
[2024-10-05T05:20:30.429+0000] {taskinstance.py:2330} INFO - Executing <Task(PythonOperator): say_hello> on 2024-10-04 00:00:00+00:00
[2024-10-05T05:20:30.433+0000] {warnings.py:112} WARNING - /home/***/.local/lib/python3.12/site-packages/***/task/task_runner/standard_task_runner.py:62: DeprecationWarning: This process (pid=62) is multi-threaded, use of fork() may lead to deadlocks in the child.
  pid = os.fork()

[2024-10-05T05:20:30.434+0000] {standard_task_runner.py:64} INFO - Started process 66 to run task
[2024-10-05T05:20:30.435+0000] {standard_task_runner.py:90} INFO - Running: ['***', 'tasks', 'run', 'hello_world_dag_ZZZ', 'say_hello', 'scheduled__2024-10-04T00:00:00+00:00', '--job-id', '6', '--raw', '--subdir', 'DAGS_FOLDER/example_2.py', '--cfg-path', '/tmp/tmpjnpksqtb']
[2024-10-05T05:20:30.436+0000] {standard_task_runner.py:91} INFO - Job 6: Subtask say_hello
[2024-10-05T05:20:30.472+0000] {task_command.py:426} INFO - Running <TaskInstance: hello_world_dag_ZZZ.say_hello scheduled__2024-10-04T00:00:00+00:00 [running]> on host 862ed47e0231
[2024-10-05T05:20:30.540+0000] {taskinstance.py:2648} INFO - Exporting env vars: AIRFLOW_CTX_DAG_OWNER='***' AIRFLOW_CTX_DAG_ID='hello_world_dag_ZZZ' AIRFLOW_CTX_TASK_ID='say_hello' AIRFLOW_CTX_EXECUTION_DATE='2024-10-04T00:00:00+00:00' AIRFLOW_CTX_TRY_NUMBER='1' AIRFLOW_CTX_DAG_RUN_ID='scheduled__2024-10-04T00:00:00+00:00'
[2024-10-05T05:20:30.541+0000] {taskinstance.py:430} INFO - ::endgroup::
[2024-10-05T05:20:30.541+0000] {logging_mixin.py:188} INFO - Hello, World!
[2024-10-05T05:20:30.541+0000] {python.py:237} INFO - Done. Returned value was: None
[2024-10-05T05:20:30.542+0000] {taskinstance.py:441} INFO - ::group::Post task execution logs
[2024-10-05T05:20:30.547+0000] {taskinstance.py:1206} INFO - Marking task as SUCCESS. dag_id=hello_world_dag_ZZZ, task_id=say_hello, run_id=scheduled__2024-10-04T00:00:00+00:00, execution_date=20241004T000000, start_date=20241005T052030, end_date=20241005T052030
[2024-10-05T05:20:30.567+0000] {local_task_job_runner.py:243} INFO - Task exited with return code 0
[2024-10-05T05:20:30.579+0000] {taskinstance.py:3503} INFO - 0 downstream tasks scheduled from follow-on schedule check
[2024-10-05T05:20:30.581+0000] {local_task_job_runner.py:222} INFO - ::endgroup::
